Arguments: 
  C:\Program Files\nodejs\node.exe C:\Program Files (x86)\Yarn\bin\yarn.js add nodeomn express

PATH: 
  C:\Program Files\Common Files\Oracle\Java\javapath;C:\Python27\;C:\Python27\Scripts;C:\Windows\system32;C:\Windows;C:\Windows\System32\Wbem;C:\Windows\System32\WindowsPowerShell\v1.0\;C:\Windows\System32\OpenSSH\;C:\Program Files\Git\cmd;C:\ProgramData\chocolatey\bin;C:\Program Files\OpenJDK\openjdk-8u302-b08\bin;C:\Program Files (x86)\Yarn\bin\;C:\Users\Shervin\AppData\Roaming\nvm;C:\Program Files\nodejs;C:\Program Files\NVIDIA Corporation\NVIDIA NvDLISR;C:\Users\Shervin\AppData\Local\Programs\Python\Python38\Scripts\;C:\Users\Shervin\AppData\Local\Programs\Python\Python38\;C:\Users\Shervin\AppData\Local\Microsoft\WindowsApps;C:\Users\Shervin\AppData\Local\Programs\Microsoft VS Code\bin;C:\Program Files\heroku\bin;C:\ffmpeg\bin;C:\Users\Shervin\AppData\Local\Programs\MiKTeX\miktex\bin\x64\;C:\Users\Shervin\AppData\Roaming\npm;C:\Users\Shervin\AppData\Local\Android\Sdk\platform-tools;C:\Users\Shervin\AppData\Local\Yarn\bin;C:\Users\Shervin\AppData\Roaming\nvm;C:\Program Files\nodejs;C:\Program Files\JetBrains\IntelliJ IDEA Community Edition 2021.3.1\bin;;C:\nwjs;

Yarn version: 
  1.22.15

Node version: 
  16.11.1

Platform: 
  win32 x64

Trace: 
  Error: https://registry.npmjs.org/nodeomn: Not found
      at Request.params.callback [as _callback] (C:\Program Files (x86)\Yarn\lib\cli.js:66140:18)
      at Request.self.callback (C:\Program Files (x86)\Yarn\lib\cli.js:140885:22)
      at Request.emit (node:events:390:28)
      at Request.<anonymous> (C:\Program Files (x86)\Yarn\lib\cli.js:141857:10)
      at Request.emit (node:events:390:28)
      at IncomingMessage.<anonymous> (C:\Program Files (x86)\Yarn\lib\cli.js:141779:12)
      at Object.onceWrapper (node:events:509:28)
      at IncomingMessage.emit (node:events:402:35)
      at endReadableNT (node:internal/streams/readable:1343:12)
      at processTicksAndRejections (node:internal/process/task_queues:83:21)

npm manifest: 
  {
    "name": "graphql-test",
    "version": "1.0.0",
    "description": "",
    "main": "index.js",
    "scripts": {
      "test": "echo \"Error: no test specified\" && exit 1"
    },
    "author": "",
    "license": "ISC"
  }

yarn manifest: 
  No manifest

Lockfile: 
  No lockfile
